Acceptor	Doner	Frac
18	26	0.2909
13	7	0.1236
20	28	0.1236
13	8	0.0600
17	28	0.0509
11	14	0.0455
14	9	0.0345
2	12	0.0327
9	4	0.0309
14	8	0.0291
2	11	0.0273
12	7	0.0255
8	10	0.0236
6	9	0.0127
24	27	0.0127
8	12	0.0127
28	23	0.0109
21	28	0.0091
22	25	0.0073
29	23	0.0073
5	8	0.0073
3	6	0.0073
12	14	0.0073
16	19	0.0073
15	17	0.0055
13	15	0.0055
22	26	0.0055
23	25	0.0055
15	18	0.0055
25	27	0.0055
17	19	0.0055
27	30	0.0055
29	24	0.0055
4	1	0.0036
27	29	0.0036
14	7	0.0036
7	15	0.0036
7	10	0.0036
8	11	0.0036
23	27	0.0036
20	23	0.0036
15	19	0.0036
18	21	0.0036
25	28	0.0036
18	11	0.0018
27	20	0.0018
20	29	0.0018
28	24	0.0018
1	7	0.0018
9	11	0.0018
21	23	0.0018
12	5	0.0018
19	21	0.0018
23	18	0.0018
27	22	0.0018
1	4	0.0018
5	12	0.0018
6	3	0.0018
21	29	0.0018
28	30	0.0018
22	24	0.0018
27	23	0.0018
23	28	0.0018
26	28	0.0018
7	1	0.0018
11	15	0.0018
21	24	0.0018
29	22	0.0018
