Acceptor	Doner	Frac
27	23	0.0800
23	27	0.0764
29	23	0.0491
9	12	0.0418
7	10	0.0309
1	9	0.0236
23	26	0.0182
25	20	0.0164
5	8	0.0164
9	3	0.0145
15	17	0.0127
23	29	0.0127
13	16	0.0127
8	1	0.0109
16	19	0.0109
20	22	0.0091
3	6	0.0091
8	1	0.0073
8	3	0.0073
13	17	0.0073
1	4	0.0073
10	7	0.0073
26	21	0.0055
22	26	0.0055
17	19	0.0055
8	1	0.0055
4	6	0.0055
24	26	0.0055
4	1	0.0036
6	1	0.0036
4	11	0.0036
7	2	0.0036
3	11	0.0036
14	17	0.0036
10	1	0.0036
2	6	0.0036
25	28	0.0036
10	5	0.0036
26	29	0.0036
22	25	0.0036
2	4	0.0036
24	27	0.0036
6	1	0.0018
25	27	0.0018
8	2	0.0018
6	8	0.0018
5	10	0.0018
10	12	0.0018
3	5	0.0018
1	6	0.0018
3	7	0.0018
1	5	0.0018
8	10	0.0018
27	30	0.0018
26	30	0.0018
22	24	0.0018
2	9	0.0018
1	8	0.0018
21	24	0.0018
2	5	0.0018
23	25	0.0018
22	29	0.0018
