Acceptor	Doner	Frac
11	7	0.0873
8	11	0.0327
4	13	0.0309
9	12	0.0200
1	12	0.0182
7	11	0.0145
10	12	0.0127
18	21	0.0127
7	12	0.0109
7	2	0.0091
11	6	0.0091
7	10	0.0091
8	12	0.0073
14	6	0.0073
24	26	0.0073
1	14	0.0073
10	1	0.0055
4	14	0.0055
4	6	0.0055
2	4	0.0055
13	5	0.0036
5	13	0.0036
2	6	0.0036
11	14	0.0036
2	5	0.0036
13	6	0.0036
5	1	0.0018
12	20	0.0018
6	1	0.0018
9	11	0.0018
2	14	0.0018
29	1	0.0018
6	2	0.0018
12	1	0.0018
15	17	0.0018
29	1	0.0018
10	1	0.0018
1	4	0.0018
22	24	0.0018
21	3	0.0018
6	8	0.0018
14	8	0.0018
19	22	0.0018
5	1	0.0018
5	1	0.0018
9	20	0.0018
